<?xml version="1.0" encoding="UTF-8"?>
<!-- Generated by org.testng.reporters.JUnitReportReporter -->
<testsuite skipped="0" hostname="DESKTOP-1TGL11O" name="Day_2.Les_02_HelloTestNG" tests="2" failures="0" timestamp="30 Mar 2018 13:45:54 GMT" time="0.021" errors="0">
  <testcase name="TestCase2" time="0.004" classname="Day_2.Les_02_HelloTestNG"/>
  <testcase name="TestCase1" time="0.017" classname="Day_2.Les_02_HelloTestNG"/>
</testsuite> <!-- Day_2.Les_02_HelloTestNG -->
