<?xml version="1.0" encoding="UTF-8"?>
<!-- Generated by org.testng.reporters.JUnitReportReporter -->
<testsuite skipped="0" hostname="Ahmed_PC" name="Day_3.Exercise" tests="1" failures="0" timestamp="18 Feb 2018 23:13:55 GMT" time="21.986" errors="0">
  <testcase name="SupperCalculator" time="21.986" classname="Day_3.Exercise"/>
</testsuite> <!-- Day_3.Exercise -->
