<?xml version="1.0" encoding="UTF-8"?>
<!-- Generated by org.testng.reporters.JUnitReportReporter -->
<testsuite skipped="0" hostname="DESKTOP-1TGL11O" name="Day_2.Exercise_2_1" tests="1" failures="0" timestamp="02 Apr 2018 05:01:12 GMT" time="15.824" errors="0">
  <testcase name="selecttabs" time="15.824" classname="Day_2.Exercise_2_1"/>
</testsuite> <!-- Day_2.Exercise_2_1 -->
