<?xml version="1.0" encoding="UTF-8"?>
<!-- Generated by org.testng.reporters.JUnitReportReporter -->
<testsuite skipped="0" hostname="Ahmed_PC" name="Day_2.Les_05_Multiple_Select" tests="1" failures="0" timestamp="10 Feb 2018 15:38:27 GMT" time="13.028" errors="0">
  <testcase name="testRadiobuttons" time="13.028" classname="Day_2.Les_05_Multiple_Select"/>
</testsuite> <!-- Day_2.Les_05_Multiple_Select -->
