<?xml version="1.0" encoding="UTF-8"?>
<!-- Generated by org.testng.reporters.JUnitReportReporter -->
<testsuite skipped="0" hostname="DESKTOP-1TGL11O" name="Day_3.Les_3_DragAndDrop" tests="1" failures="0" timestamp="15 Apr 2018 05:10:49 GMT" time="8.909" errors="0">
  <testcase name="DragAndDrop" time="8.909" classname="Day_3.Les_3_DragAndDrop"/>
</testsuite> <!-- Day_3.Les_3_DragAndDrop -->
