<?xml version="1.0" encoding="UTF-8"?>
<!-- Generated by org.testng.reporters.JUnitReportReporter -->
<testsuite skipped="0" hostname="DESKTOP-1TGL11O" name="Day_2.Les_06_Multiple_Select" tests="1" failures="0" timestamp="31 Mar 2018 15:45:11 GMT" time="18.264" errors="0">
  <testcase name="Multiselect" time="18.264" classname="Day_2.Les_06_Multiple_Select"/>
</testsuite> <!-- Day_2.Les_06_Multiple_Select -->
