<?xml version="1.0" encoding="UTF-8"?>
<!-- Generated by org.testng.reporters.JUnitReportReporter -->
<testsuite skipped="0" hostname="DESKTOP-1TGL11O" name="Day_2.Excercise_2_2" tests="1" failures="0" timestamp="07 Apr 2018 12:37:35 GMT" time="56.772" errors="0">
  <testcase name="loginWordPress" time="56.772" classname="Day_2.Excercise_2_2"/>
</testsuite> <!-- Day_2.Excercise_2_2 -->
