<?xml version="1.0" encoding="UTF-8"?>
<!-- Generated by org.testng.reporters.JUnitReportReporter -->
<testsuite skipped="0" hostname="DESKTOP-1TGL11O" name="Day_5.CalculatorWithScreenShots_MTest_1Provider" tests="4" failures="0" timestamp="12 Mar 2018 23:16:16 GMT" time="46.363" errors="0">
  <testcase name="testCalcParametrized2" time="11.056" classname="Day_5.CalculatorWithScreenShots_MTest_1Provider"/>
  <testcase name="testCalcParametrized" time="13.499" classname="Day_5.CalculatorWithScreenShots_MTest_1Provider"/>
  <testcase name="testCalcParametrized2" time="11.001" classname="Day_5.CalculatorWithScreenShots_MTest_1Provider"/>
  <testcase name="testCalcParametrized" time="10.807" classname="Day_5.CalculatorWithScreenShots_MTest_1Provider"/>
</testsuite> <!-- Day_5.CalculatorWithScreenShots_MTest_1Provider -->
