<?xml version="1.0" encoding="UTF-8"?>
<!-- Generated by org.testng.reporters.JUnitReportReporter -->
<testsuite skipped="0" hostname="Ahmed_PC" name="Day_2.RadioBotton" tests="1" failures="0" timestamp="10 Feb 2018 13:38:21 GMT" time="11.514" errors="0">
  <testcase name="testRadiobuttons" time="11.514" classname="Day_2.RadioBotton"/>
</testsuite> <!-- Day_2.RadioBotton -->
