<?xml version="1.0" encoding="UTF-8"?>
<!-- Generated by org.testng.reporters.JUnitReportReporter -->
<testsuite skipped="0" hostname="DESKTOP-1TGL11O" name="Day_2.Les_04_RadioBotton" tests="1" failures="0" timestamp="28 Mar 2018 21:31:21 GMT" time="9.979" errors="0">
  <testcase name="TestRadioButtons" time="9.979" classname="Day_2.Les_04_RadioBotton"/>
</testsuite> <!-- Day_2.Les_04_RadioBotton -->
