<?xml version="1.0" encoding="UTF-8"?>
<!-- Generated by org.testng.reporters.JUnitReportReporter -->
<testsuite skipped="0" hostname="DESKTOP-1TGL11O" name="Day_4.Supper_Calculator" tests="8" failures="0" timestamp="03 Mar 2018 19:14:17 GMT" time="189.228" errors="0">
  <testcase name="multiplyOperator" time="19.953" classname="Day_4.Supper_Calculator"/>
  <testcase name="MinusOperator" time="18.693" classname="Day_4.Supper_Calculator"/>
  <testcase name="PlusOperator" time="28.876" classname="Day_4.Supper_Calculator"/>
  <testcase name="multiplyOperator" time="27.139" classname="Day_4.Supper_Calculator"/>
  <testcase name="DeviationOperator" time="23.892" classname="Day_4.Supper_Calculator"/>
  <testcase name="PlusOperator" time="19.867" classname="Day_4.Supper_Calculator"/>
  <testcase name="MinusOperator" time="15.741" classname="Day_4.Supper_Calculator"/>
  <testcase name="DeviationOperator" time="35.067" classname="Day_4.Supper_Calculator"/>
</testsuite> <!-- Day_4.Supper_Calculator -->
