<?xml version="1.0" encoding="UTF-8"?>
<!-- Generated by org.testng.reporters.JUnitReportReporter -->
<testsuite skipped="0" hostname="Ahmed_PC" name="Day_4.DemoWordPress_Use" tests="3" failures="0" timestamp="19 Feb 2018 20:48:01 GMT" time="29.287" errors="0">
  <testcase name="testLoginPass" time="8.946" classname="Day_4.DemoWordPress_Use"/>
  <testcase name="testInvalidPassword" time="10.724" classname="Day_4.DemoWordPress_Use"/>
  <testcase name="testInvalidUser" time="9.617" classname="Day_4.DemoWordPress_Use"/>
</testsuite> <!-- Day_4.DemoWordPress_Use -->
