<?xml version="1.0" encoding="UTF-8"?>
<!-- Generated by org.testng.reporters.JUnitReportReporter -->
<testsuite skipped="0" hostname="DESKTOP-1TGL11O" name="Day_2.Les_05_SelectFromList" tests="1" failures="0" timestamp="31 Mar 2018 15:14:06 GMT" time="4.737" errors="0">
  <testcase name="testselect" time="4.737" classname="Day_2.Les_05_SelectFromList"/>
</testsuite> <!-- Day_2.Les_05_SelectFromList -->
