<?xml version="1.0" encoding="UTF-8"?>
<!-- Generated by org.testng.reporters.JUnitReportReporter -->
<testsuite skipped="0" hostname="DESKTOP-1TGL11O" name="Day_4.Calculator_DDT" tests="4" failures="0" timestamp="21 Apr 2018 16:34:22 GMT" time="42.509" errors="0">
  <testcase name="DeviationOperator" time="12.276" classname="Day_4.Calculator_DDT"/>
  <testcase name="PlusOperator" time="10.517" classname="Day_4.Calculator_DDT"/>
  <testcase name="multiplyOperator" time="9.692" classname="Day_4.Calculator_DDT"/>
  <testcase name="MinusOperator" time="10.024" classname="Day_4.Calculator_DDT"/>
</testsuite> <!-- Day_4.Calculator_DDT -->
