<?xml version="1.0" encoding="UTF-8"?>
<!-- Generated by org.testng.reporters.JUnitReportReporter -->
<testsuite skipped="0" hostname="DESKTOP-1TGL11O" name="Day_5.CalculatorWithScreenShots_M" tests="4" failures="0" timestamp="03 Mar 2018 22:51:57 GMT" time="44.347" errors="0">
  <testcase name="testCalcParametrized2" time="9.929" classname="Day_5.CalculatorWithScreenShots_M"/>
  <testcase name="testCalcParametrized" time="12.817" classname="Day_5.CalculatorWithScreenShots_M"/>
  <testcase name="testCalcParametrized2" time="11.075" classname="Day_5.CalculatorWithScreenShots_M"/>
  <testcase name="testCalcParametrized" time="10.526" classname="Day_5.CalculatorWithScreenShots_M"/>
</testsuite> <!-- Day_5.CalculatorWithScreenShots_M -->
