<?xml version="1.0" encoding="UTF-8"?>
<!-- Generated by org.testng.reporters.JUnitReportReporter -->
<testsuite skipped="0" hostname="DESKTOP-1TGL11O" name="Day_4.DemoLoginUsingPOM" tests="3" failures="0" timestamp="03 Mar 2018 20:06:29 GMT" time="27.384" errors="0">
  <testcase name="testInvalidPassword" time="7.954" classname="Day_4.DemoLoginUsingPOM"/>
  <testcase name="testLoginPass" time="10.773" classname="Day_4.DemoLoginUsingPOM"/>
  <testcase name="testInvalidUser" time="8.657" classname="Day_4.DemoLoginUsingPOM"/>
</testsuite> <!-- Day_4.DemoLoginUsingPOM -->
