<?xml version="1.0" encoding="UTF-8"?>
<!-- Generated by org.testng.reporters.JUnitReportReporter -->
<testsuite skipped="0" hostname="Ahmed_PC" name="Day_4.Les_1_WordPress" tests="1" failures="0" timestamp="17 Feb 2018 09:41:55 GMT" time="23.225" errors="0">
  <testcase name="loginWordPress" time="23.225" classname="Day_4.Les_1_WordPress"/>
</testsuite> <!-- Day_4.Les_1_WordPress -->
