<?xml version="1.0" encoding="UTF-8"?>
<!-- Generated by org.testng.reporters.JUnitReportReporter -->
<testsuite skipped="0" hostname="DESKTOP-1TGL11O" name="Day_4.ReadCsv" tests="1" failures="0" timestamp="03 Mar 2018 15:21:56 GMT" time="0.051" errors="0">
  <testcase name="test" time="0.051" classname="Day_4.ReadCsv"/>
</testsuite> <!-- Day_4.ReadCsv -->
