<?xml version="1.0" encoding="UTF-8"?>
<!-- Generated by org.testng.reporters.JUnitReportReporter -->
<testsuite skipped="0" hostname="Ahmed_PC" name="Day_3.CompoundAction" tests="1" failures="0" timestamp="16 Feb 2018 13:54:40 GMT" time="90.993" errors="0">
  <testcase name="MouseHoverandClick_SmartWait" time="90.993" classname="Day_3.CompoundAction"/>
</testsuite> <!-- Day_3.CompoundAction -->
