<?xml version="1.0" encoding="UTF-8"?>
<!-- Generated by org.testng.reporters.JUnitReportReporter -->
<testsuite skipped="0" hostname="Ahmed_PC" name="Day_2.Exercise_1_1" tests="1" failures="0" timestamp="12 Feb 2018 23:34:36 GMT" time="25.568" errors="0">
  <testcase name="testRadiobuttons" time="25.568" classname="Day_2.Exercise_1_1"/>
</testsuite> <!-- Day_2.Exercise_1_1 -->
