<?xml version="1.0" encoding="UTF-8"?>
<!-- Generated by org.testng.reporters.JUnitReportReporter -->
<testsuite skipped="0" hostname="Ahmed_PC" name="Day_2.SelectFromList" tests="1" failures="0" timestamp="10 Feb 2018 14:40:30 GMT" time="4.835" errors="0">
  <testcase name="testselect" time="4.835" classname="Day_2.SelectFromList"/>
</testsuite> <!-- Day_2.SelectFromList -->
