<?xml version="1.0" encoding="UTF-8"?>
<!-- Generated by org.testng.reporters.JUnitReportReporter -->
<testsuite skipped="0" hostname="DESKTOP-1TGL11O" name="Day_3.Practice_ScrollAndMousOver" tests="1" failures="0" timestamp="15 Apr 2018 06:08:26 GMT" time="24.645" errors="0">
  <testcase name="Findxpath" time="24.645" classname="Day_3.Practice_ScrollAndMousOver"/>
</testsuite> <!-- Day_3.Practice_ScrollAndMousOver -->
