<?xml version="1.0" encoding="UTF-8"?>
<!-- Generated by org.testng.reporters.JUnitReportReporter -->
<testsuite skipped="0" hostname="Ahmed_PC" name="Day_3.DragAndDrop" tests="1" failures="0" timestamp="16 Feb 2018 14:09:20 GMT" time="58.752" errors="0">
  <testcase name="loginInAmazon" time="58.752" classname="Day_3.DragAndDrop"/>
</testsuite> <!-- Day_3.DragAndDrop -->
