<?xml version="1.0" encoding="UTF-8"?>
<!-- Generated by org.testng.reporters.JUnitReportReporter -->
<testsuite skipped="0" hostname="DESKTOP-1TGL11O" name="Day_5.UploadFileDemo" tests="1" failures="0" timestamp="25 Mar 2018 21:07:35 GMT" time="15.343" errors="0">
  <testcase name="uploadW3schools" time="15.343" classname="Day_5.UploadFileDemo"/>
</testsuite> <!-- Day_5.UploadFileDemo -->
