<?xml version="1.0" encoding="UTF-8"?>
<!-- Generated by org.testng.reporters.JUnitReportReporter -->
<testsuite skipped="0" hostname="DESKTOP-1TGL11O" name="Day_4.Calculator_DDT2" tests="2" failures="0" timestamp="27 Feb 2018 23:42:28 GMT" time="20.131" errors="0">
  <testcase name="DeviationOperator" time="10.169" classname="Day_4.Calculator_DDT2"/>
  <testcase name="PlusOperator" time="9.962" classname="Day_4.Calculator_DDT2"/>
</testsuite> <!-- Day_4.Calculator_DDT2 -->
