<?xml version="1.0" encoding="UTF-8"?>
<!-- Generated by org.testng.reporters.JUnitReportReporter -->
<testsuite skipped="0" hostname="Ahmed_PC" name="Day_2.HelloTestNG" tests="2" failures="0" timestamp="10 Feb 2018 11:27:26 GMT" time="0.019" errors="0">
  <testcase name="TestCase2" time="0.010" classname="Day_2.HelloTestNG"/>
  <testcase name="TestCase1" time="0.009" classname="Day_2.HelloTestNG"/>
</testsuite> <!-- Day_2.HelloTestNG -->
