<?xml version="1.0" encoding="UTF-8"?>
<!-- Generated by org.testng.reporters.JUnitReportReporter -->
<testsuite skipped="0" hostname="Ahmed_PC" name="Day_3.Exercise_3_1" tests="1" failures="0" timestamp="19 Feb 2018 19:07:08 GMT" time="20.625" errors="0">
  <testcase name="SupperCalculator" time="20.625" classname="Day_3.Exercise_3_1"/>
</testsuite> <!-- Day_3.Exercise_3_1 -->
