<?xml version="1.0" encoding="UTF-8"?>
<!-- Generated by org.testng.reporters.JUnitReportReporter -->
<testsuite skipped="0" hostname="DESKTOP-1TGL11O" name="Day_3.A_1_loginInAmazon" tests="1" failures="0" timestamp="07 Apr 2018 09:33:36 GMT" time="103.253" errors="0">
  <testcase name="LoginToAmazon" time="103.253" classname="Day_3.A_1_loginInAmazon"/>
</testsuite> <!-- Day_3.A_1_loginInAmazon -->
