<?xml version="1.0" encoding="UTF-8"?>
<!-- Generated by org.testng.reporters.JUnitReportReporter -->
<testsuite skipped="0" hostname="DESKTOP-1TGL11O" name="Day_5.Alerts" tests="1" failures="0" timestamp="20 Mar 2018 05:37:05 GMT" time="22.842" errors="0">
  <testcase name="confirmAlertWithType" time="22.842" classname="Day_5.Alerts"/>
</testsuite> <!-- Day_5.Alerts -->
