<?xml version="1.0" encoding="UTF-8"?>
<!-- Generated by org.testng.reporters.JUnitReportReporter -->
<testsuite skipped="0" hostname="Ahmed_PC" name="Day_4.DemoWordPress" tests="3" failures="0" timestamp="19 Feb 2018 20:05:32 GMT" time="52.910" errors="0">
  <testcase name="demoLogininvalidUser" time="10.800" classname="Day_4.DemoWordPress"/>
  <testcase name="demoLoginPass" time="28.803" classname="Day_4.DemoWordPress"/>
  <testcase name="demoLogininvalidPass" time="13.307" classname="Day_4.DemoWordPress"/>
</testsuite> <!-- Day_4.DemoWordPress -->
