<?xml version="1.0" encoding="UTF-8"?>
<!-- Generated by org.testng.reporters.JUnitReportReporter -->
<testsuite skipped="0" hostname="Ahmed_PC" name="Day_3.Script1" tests="1" failures="0" timestamp="16 Feb 2018 11:08:21 GMT" time="29.563" errors="0">
  <testcase name="loginWordPress" time="29.563" classname="Day_3.Script1"/>
</testsuite> <!-- Day_3.Script1 -->
