<?xml version="1.0" encoding="UTF-8"?>
<!-- Generated by org.testng.reporters.JUnitReportReporter -->
<testsuite skipped="0" hostname="DESKTOP-1TGL11O" name="Day_3.Les_4_ScrollToElement" tests="1" failures="0" timestamp="02 Apr 2018 05:52:55 GMT" time="20.402" errors="0">
  <testcase name="ScrollByJavascript" time="20.402" classname="Day_3.Les_4_ScrollToElement"/>
</testsuite> <!-- Day_3.Les_4_ScrollToElement -->
